-------------------------------------------------------------------------------
Test set: com.examly.springapp.SpringappBookingTests
-------------------------------------------------------------------------------
Tests run: 21, Failures: 6, Errors: 0, Skipped: 0, Time elapsed: 3.341 s <<< FAILURE! - in com.examly.springapp.SpringappBookingTests
com.examly.springapp.SpringappBookingTests.GetAllBookingsReturnsArray  Time elapsed: 0.012 s  <<< FAILURE!
java.lang.AssertionError: Status expected:<200> but was:<404>
	at com.examly.springapp.SpringappBookingTests.GetAllBookingsReturnsArray(SpringappApplicationTest.java:67)

com.examly.springapp.SpringappBookingTests.GetBookingsBySportReturns200  Time elapsed: 0.007 s  <<< FAILURE!
java.lang.AssertionError: Status expected:<200> but was:<404>
	at com.examly.springapp.SpringappBookingTests.GetBookingsBySportReturns200(SpringappApplicationTest.java:79)

com.examly.springapp.SpringappBookingTests.GetBookingsSortedByDateReturns200  Time elapsed: 0.005 s  <<< FAILURE!
java.lang.AssertionError: Status expected:<200> but was:<404>
	at com.examly.springapp.SpringappBookingTests.GetBookingsSortedByDateReturns200(SpringappApplicationTest.java:90)

com.examly.springapp.SpringappBookingTests.DeleteBookingReturns200  Time elapsed: 0.013 s  <<< FAILURE!
java.lang.AssertionError: Status expected:<200> but was:<404>
	at com.examly.springapp.SpringappBookingTests.DeleteBookingReturns200(SpringappApplicationTest.java:122)

com.examly.springapp.SpringappBookingTests.BookingNotFoundExceptionClassExists  Time elapsed: 0.003 s  <<< FAILURE!
org.opentest4j.AssertionFailedError: Class com.examly.springapp.exception.BookingNotFoundException does not exist.
	at com.examly.springapp.SpringappBookingTests.checkClassExists(SpringappApplicationTest.java:232)
	at com.examly.springapp.SpringappBookingTests.BookingNotFoundExceptionClassExists(SpringappApplicationTest.java:212)

com.examly.springapp.SpringappBookingTests.BookingNotFoundExceptionExtendsRuntimeException  Time elapsed: 0.002 s  <<< FAILURE!
org.opentest4j.AssertionFailedError: BookingNotFoundException class does not exist.
	at com.examly.springapp.SpringappBookingTests.BookingNotFoundExceptionExtendsRuntimeException(SpringappApplicationTest.java:222)

